[04-Jan-2018 01:34:20 UTC] PHP Fatal error:  Uncaught exception 'PDOException' with message 'SQLSTATE[42000]: Syntax error or access violation: 1064 You have an error in your SQL syntax; check the manual that corresponds to your MySQL server version for the right syntax to use near '' at line 1' in /home/ubuntu/workspace/server/SearchCar.php:7
Stack trace:
#0 /home/ubuntu/workspace/server/SearchCar.php(7): PDOStatement->execute()
#1 {main}
  thrown in /home/ubuntu/workspace/server/SearchCar.php on line 7
[04-Jan-2018 02:29:38 UTC] PHP Fatal error:  Uncaught exception 'PDOException' with message 'SQLSTATE[42S02]: Base table or view not found: 1146 Table 'c9.Info' doesn't exist' in /home/ubuntu/workspace/server/GetAllCars.php:5
Stack trace:
#0 /home/ubuntu/workspace/server/GetAllCars.php(5): PDOStatement->execute()
#1 {main}
  thrown in /home/ubuntu/workspace/server/GetAllCars.php on line 5
[04-Jan-2018 02:29:50 UTC] PHP Fatal error:  Uncaught exception 'PDOException' with message 'SQLSTATE[42S02]: Base table or view not found: 1146 Table 'c9.Info' doesn't exist' in /home/ubuntu/workspace/server/GetAllCars.php:5
Stack trace:
#0 /home/ubuntu/workspace/server/GetAllCars.php(5): PDOStatement->execute()
#1 {main}
  thrown in /home/ubuntu/workspace/server/GetAllCars.php on line 5
[04-Jan-2018 02:32:52 UTC] PHP Fatal error:  Uncaught exception 'PDOException' with message 'SQLSTATE[42S02]: Base table or view not found: 1146 Table 'c9.Info' doesn't exist' in /home/ubuntu/workspace/server/AddNew.php:20
Stack trace:
#0 /home/ubuntu/workspace/server/AddNew.php(20): PDOStatement->execute()
#1 {main}
  thrown in /home/ubuntu/workspace/server/AddNew.php on line 20
[04-Jan-2018 02:32:52 UTC] PHP Fatal error:  Uncaught exception 'PDOException' with message 'SQLSTATE[42S02]: Base table or view not found: 1146 Table 'c9.Info' doesn't exist' in /home/ubuntu/workspace/server/SearchCar.php:7
Stack trace:
#0 /home/ubuntu/workspace/server/SearchCar.php(7): PDOStatement->execute()
#1 {main}
  thrown in /home/ubuntu/workspace/server/SearchCar.php on line 7
